0 info it worked if it ends with ok
1 verbose cli [ '/usr/local/bin/node',
1 verbose cli   '/usr/local/bin/npm',
1 verbose cli   'install',
1 verbose cli   'node_modules' ]
2 info using npm@3.9.5
3 info using node@v6.2.2
4 silly loadCurrentTree Starting
5 silly install loadCurrentTree
6 silly install readLocalPackageData
7 silly fetchPackageMetaData node_modules
8 silly fetchOtherPackageData node_modules
9 silly cache add args [ 'node_modules', null ]
10 verbose cache add spec node_modules
11 silly cache add parsed spec Result {
11 silly cache add   raw: 'node_modules',
11 silly cache add   scope: null,
11 silly cache add   name: null,
11 silly cache add   rawSpec: 'node_modules',
11 silly cache add   spec: '/Users/jeffreyliou/Desktop/PLEN2/node_modules',
11 silly cache add   type: 'local' }
12 error addLocal Could not install /Users/jeffreyliou/Desktop/PLEN2/node_modules
13 silly fetchPackageMetaData Error: EISDIR: illegal operation on a directory, read
13 silly fetchPackageMetaData     at Error (native)
13 silly fetchPackageMetaData  error for node_modules { Error: EISDIR: illegal operation on a directory, read
13 silly fetchPackageMetaData     at Error (native) errno: -21, code: 'EISDIR', syscall: 'read' }
14 silly rollbackFailedOptional Starting
15 silly rollbackFailedOptional Finishing
16 silly runTopLevelLifecycles Starting
17 silly runTopLevelLifecycles Finishing
18 silly install printInstalled
19 verbose stack Error: EISDIR: illegal operation on a directory, read
19 verbose stack     at Error (native)
20 verbose cwd /Users/jeffreyliou/Desktop/PLEN2
21 error Darwin 15.5.0
22 error argv "/usr/local/bin/node" "/usr/local/bin/npm" "install" "node_modules"
23 error node v6.2.2
24 error npm  v3.9.5
25 error code EISDIR
26 error errno -21
27 error syscall read
28 error eisdir EISDIR: illegal operation on a directory, read
29 error eisdir This is most likely not a problem with npm itself
29 error eisdir and is related to npm not being able to find a package.json in
29 error eisdir a package you are trying to install.
30 verbose exit [ -21, true ]
